<?xml version="1.0" encoding="UTF-8"?>
<!-- Generated by org.testng.reporters.JUnitReportReporter -->
<testsuite hostname="ATMECSCBELT-018" failures="0" tests="1" name="org.wk.test.GenerateMethods" time="0.537" errors="0" timestamp="2023-06-28T17:41:07 IST" skipped="0">
  <testcase classname="org.wk.test.GenerateMethods" name="generateMethods" time="0.537"/>
  <system-out/>
</testsuite> <!-- org.wk.test.GenerateMethods -->
