<?xml version="1.0" encoding="UTF-8"?>
<!-- Generated by org.testng.reporters.JUnitReportReporter -->
<testsuite hostname="ATMECSCBELT-018" failures="0" tests="1" name="org.wk.step.StepDefinition" time="0.004" errors="0" timestamp="2023-06-27T14:38:37 IST" skipped="0">
  <testcase classname="org.wk.step.StepDefinition" name="login" time="0.004"/>
  <system-out/>
</testsuite> <!-- org.wk.step.StepDefinition -->
