<?xml version="1.0" encoding="UTF-8"?>
<!-- Generated by org.testng.reporters.JUnitReportReporter -->
<testsuite hostname="ATMECSCBELT-018" failures="0" tests="1" name="org.wk.step.MethodGenerator" time="0.649" errors="0" timestamp="2023-06-27T21:26:29 IST" skipped="0">
  <testcase classname="org.wk.step.MethodGenerator" name="generateMethods" time="0.649"/>
  <system-out/>
</testsuite> <!-- org.wk.step.MethodGenerator -->
