<?xml version="1.0" encoding="UTF-8"?>
<!-- Generated by org.testng.reporters.JUnitReportReporter -->
<testsuite hostname="ATMECSCBELT-018" failures="0" tests="1" name="org.wk.step.GenerateMethods" time="0.570" errors="0" timestamp="2023-06-28T17:15:03 IST" skipped="0">
  <testcase classname="org.wk.step.GenerateMethods" name="generateMethods" time="0.570"/>
  <system-out/>
</testsuite> <!-- org.wk.step.GenerateMethods -->
