<?xml version="1.0" encoding="UTF-8"?>
<!-- Generated by org.testng.reporters.JUnitReportReporter -->
<testsuite hostname="ATMECSCBELT-011" failures="0" tests="1" name="com.atmecs.qa.generalMethods.AuthentictaionMethods" time="2.560" errors="0" timestamp="2023-05-18T18:53:45 IST" skipped="0">
  <testcase classname="com.atmecs.qa.generalMethods.AuthentictaionMethods" name="getcall" time="2.560"/>
  <system-out/>
</testsuite> <!-- com.atmecs.qa.generalMethods.AuthentictaionMethods -->
