<?xml version="1.0" encoding="UTF-8"?>
<!-- Generated by org.testng.reporters.JUnitReportReporter -->
<testsuite hostname="ATMECSCBELT-011" failures="0" tests="1" name="com.atmecs.qa.generalMethods.Authcredentials" time="1.879" errors="0" timestamp="2023-05-16T21:52:17 IST" skipped="0">
  <testcase classname="com.atmecs.qa.generalMethods.Authcredentials" name="OAuth" time="1.879"/>
  <system-out/>
</testsuite> <!-- com.atmecs.qa.generalMethods.Authcredentials -->
