<?xml version="1.0" encoding="UTF-8"?>
<!-- Generated by org.testng.reporters.JUnitReportReporter -->
<testsuite hostname="ATMECSCBELT-011" failures="0" tests="1" name="apiExercise.Authentication" time="2.450" errors="0" timestamp="2023-05-16T18:12:27 IST" skipped="0">
  <testcase classname="apiExercise.Authentication" name="AuthMethods" time="2.450"/>
  <system-out/>
</testsuite> <!-- apiExercise.Authentication -->
