<?xml version="1.0" encoding="UTF-8"?>
<!-- Generated by org.testng.reporters.JUnitReportReporter -->
<testsuite hostname="ATMECSCBELT-011" failures="0" tests="1" name="com.atmecs.qa.generalMethods.WeatherApi" time="2.057" errors="0" timestamp="2023-05-17T19:52:46 IST" skipped="0">
  <testcase classname="com.atmecs.qa.generalMethods.WeatherApi" name="postCallWeatherMulti" time="2.057"/>
  <system-out/>
</testsuite> <!-- com.atmecs.qa.generalMethods.WeatherApi -->
