<?xml version="1.0" encoding="UTF-8"?>
<!-- Generated by org.testng.reporters.JUnitReportReporter -->
<testsuite hostname="ATMECSCBELT-011" failures="0" tests="1" name="com.atmecs.qa.testsuite.Authentication" time="1.911" errors="0" timestamp="2023-05-17T15:42:07 IST" skipped="0">
  <testcase classname="com.atmecs.qa.testsuite.Authentication" name="AuthMethods" time="1.911"/>
  <system-out/>
</testsuite> <!-- com.atmecs.qa.testsuite.Authentication -->
