<?xml version="1.0" encoding="UTF-8"?>
<!-- Generated by org.testng.reporters.JUnitReportReporter -->
<testsuite hostname="ATMECSCBELT-011" failures="0" tests="1" name="com.atmecs.qa.generalMethods.herokucookies" time="2.036" errors="0" timestamp="2023-05-18T16:02:59 IST" skipped="0">
  <testcase classname="com.atmecs.qa.generalMethods.herokucookies" name="zomatopostcall" time="2.036"/>
  <system-out/>
</testsuite> <!-- com.atmecs.qa.generalMethods.herokucookies -->
