<?xml version="1.0" encoding="UTF-8"?>
<!-- Generated by org.testng.reporters.JUnitReportReporter -->
<testsuite hostname="ATMECSCBELT-011" failures="0" tests="1" name="com.atmecs.qa.testsuite.Activities" time="3.798" errors="0" timestamp="2023-05-23T12:48:48 IST" skipped="0">
  <testcase classname="com.atmecs.qa.testsuite.Activities" name="activityMethods" time="3.798"/>
  <system-out/>
</testsuite> <!-- com.atmecs.qa.testsuite.Activities -->
