<?xml version="1.0" encoding="UTF-8"?>
<!-- Generated by org.testng.reporters.JUnitReportReporter -->
<testsuite hostname="ATMECSINLT-375" failures="0" tests="2" name="com.wk.qa.helper.GeneralMethod" time="0.170" errors="0" timestamp="2023-06-09T16:34:54 IST" skipped="0">
  <testcase classname="com.wk.qa.helper.GeneralMethod" name="loginPassport" time="0.020"/>
  <system-out/>
  <testcase classname="com.wk.qa.helper.GeneralMethod" name="jsonDataProvider" time="0.150"/>
  <system-out/>
</testsuite> <!-- com.wk.qa.helper.GeneralMethod -->
