<?xml version="1.0" encoding="UTF-8"?>
<!-- Generated by org.testng.reporters.JUnitReportReporter -->
<testsuite hostname="ATMECSINLT-375" failures="0" tests="1" name="com.wk.qa.utilities.Base" time="0.924" errors="0" timestamp="2023-06-09T16:29:05 IST" skipped="0">
  <testcase classname="com.wk.qa.utilities.Base" name="jsonDataProvider" time="0.924"/>
  <system-out/>
</testsuite> <!-- com.wk.qa.utilities.Base -->
