<?xml version="1.0" encoding="UTF-8"?>
<!-- Generated by org.testng.reporters.JUnitReportReporter -->
<testsuite hostname="ATMECSINLT-375" failures="0" tests="1" name="com.wk.qa.runner.Matter" time="459.866" errors="0" timestamp="2023-06-13T12:49:10 IST" skipped="0">
  <testcase classname="com.wk.qa.runner.Matter" name="matterRunner" time="459.866"/>
  <system-out/>
</testsuite> <!-- com.wk.qa.runner.Matter -->
